<?xml version="1.0" encoding="UTF-8"?>
<!-- Generated by org.testng.reporters.JUnitReportReporter -->
<testsuite hostname="ashish-pc" failures="0" tests="1" name="com.ashish.restassured.TestOne" time="4.107" errors="0" timestamp="2023-06-17T13:44:36 IST" skipped="0">
  <testcase classname="com.ashish.restassured.TestOne" name="test_1" time="4.107"/>
  <system-out/>
</testsuite> <!-- com.ashish.restassured.TestOne -->
