<?xml version="1.0" encoding="UTF-8"?>
<!-- Generated by org.testng.reporters.JUnitReportReporter -->
<testsuite hostname="ashish-pc" failures="0" tests="1" name="com.ashish.restassured.TestOnLocalAPI" time="3.412" errors="0" timestamp="2023-06-30T00:11:51 IST" skipped="0">
  <testcase classname="com.ashish.restassured.TestOnLocalAPI" name="post" time="3.412"/>
  <system-out/>
</testsuite> <!-- com.ashish.restassured.TestOnLocalAPI -->
