<?xml version="1.0" encoding="UTF-8"?>
<!-- Generated by org.testng.reporters.JUnitReportReporter -->
<testsuite hostname="ashish-pc" failures="0" tests="2" name="com.ashish.restassured.Test3" time="7.301" errors="0" timestamp="2023-06-17T15:43:03 IST" skipped="0">
  <testcase classname="com.ashish.restassured.Test3" name="testPost" time="5.332"/>
  <system-out/>
  <testcase classname="com.ashish.restassured.Test3" name="test_2" time="1.969"/>
  <system-out/>
</testsuite> <!-- com.ashish.restassured.Test3 -->
