<?xml version="1.0" encoding="UTF-8"?>
<!-- Generated by org.testng.reporters.JUnitReportReporter -->
<testsuite hostname="ashish-pc" failures="0" tests="3" name="com.ashish.restassured.PutPATCHTest" time="6.015" errors="0" timestamp="2023-06-18T08:27:00 IST" skipped="0">
  <testcase classname="com.ashish.restassured.PutPATCHTest" name="testPATCH" time="0.821"/>
  <system-out/>
  <testcase classname="com.ashish.restassured.PutPATCHTest" name="testDelete" time="4.580"/>
  <system-out/>
  <testcase classname="com.ashish.restassured.PutPATCHTest" name="testPut" time="0.614"/>
  <system-out/>
</testsuite> <!-- com.ashish.restassured.PutPATCHTest -->
