<?xml version="1.0" encoding="UTF-8"?>
<!-- Generated by org.testng.reporters.JUnitReportReporter -->
<testsuite hostname="ashish-pc" failures="0" tests="1" name="com.ashish.restassured.AppTest" time="0.032" errors="0" timestamp="2023-06-11T10:39:39 IST" skipped="0">
  <testcase classname="com.ashish.restassured.AppTest" name="shouldAnswerWithTrue" time="0.032"/>
  <system-out/>
</testsuite> <!-- com.ashish.restassured.AppTest -->
