<?xml version="1.0" encoding="UTF-8"?>
<!-- Generated by org.testng.reporters.JUnitReportReporter -->
<testsuite hostname="ashish-pc" failures="0" tests="1" name="com.ashish.restassured.Test2" time="13.297" errors="0" timestamp="2023-07-29T12:42:23 IST" skipped="0">
  <testcase classname="com.ashish.restassured.Test2" name="test_1" time="13.297"/>
  <system-out/>
</testsuite> <!-- com.ashish.restassured.Test2 -->
